<?xml version="1.0" encoding="UTF-8"?>
<!-- Generated by org.testng.reporters.JUnitReportReporter -->
<testsuite hostname="LAPTOP-QSVDD5MN" failures="0" tests="1" name="POMclass.LoginLogoutTest" time="26.571" errors="0" timestamp="2023-02-01T19:07:47 IST" skipped="0">
  <testcase classname="POMclass.LoginLogoutTest" name="TestLoginLogout" time="26.571"/>
  <system-out/>
</testsuite> <!-- POMclass.LoginLogoutTest -->
