<?xml version="1.0" encoding="UTF-8"?>
<!-- Generated by org.testng.reporters.JUnitReportReporter -->
<testsuite hostname="LAPTOP-QSVDD5MN" failures="0" tests="1" name="LoginTest.LoginLogoutTest" time="25.971" errors="0" timestamp="2023-02-03T10:49:36 IST" skipped="0">
  <testcase classname="LoginTest.LoginLogoutTest" name="TestLoginLogout" time="25.971"/>
  <system-out/>
</testsuite> <!-- LoginTest.LoginLogoutTest -->
