<?xml version="1.0" encoding="UTF-8"?>
<!-- Generated by org.testng.reporters.JUnitReportReporter -->
<testsuite hostname="LAPTOP-QSVDD5MN" failures="0" tests="1" name="POMclass.loginTest" time="4.248" errors="0" timestamp="2023-02-02T20:03:48 IST" skipped="0">
  <testcase classname="POMclass.loginTest" name="Test" time="4.248"/>
  <system-out/>
</testsuite> <!-- POMclass.loginTest -->
