<?xml version="1.0" encoding="UTF-8"?>
<!-- Generated by org.testng.reporters.JUnitReportReporter -->
<testsuite hostname="LAPTOP-QSVDD5MN" failures="0" tests="1" name="POMclass.BaseClass" time="3.293" errors="0" timestamp="2023-02-01T19:06:13 IST" skipped="0">
  <testcase classname="POMclass.BaseClass" name="browser" time="3.293"/>
  <system-out/>
</testsuite> <!-- POMclass.BaseClass -->
